============================================================
ARC Prize 2026 - Kaggle Submission
Agent: BaselineAgent
============================================================
INFO:arc_agi.scorecard:Initialized ScorecardManager with idle_for=0:15:00 and max_open_for=3 days, 0:00:00
2026-07-01 00:47:25 | INFO | Successfully fetched 25 environment(s) from API

Running on 25 games...

[1/25] Running: tn36-ef4dde99
2026-07-01 00:47:25 | INFO | Created new scorecard: bd15b34a-0848-43bf-9fa6-643660392642
2026-07-01 00:47:26 | INFO | Successfully fetched metadata for game tn36
2026-07-01 00:47:26 | INFO | Successfully loaded game class Tn36 from environment_files/tn36/ef4dde99/tn36.py
  ⚠️  Step 0 error: 'int' object has no attribute 'name'
  ❌ ERROR: 'int' object has no attribute 'name'

[2/25] Running: cd82-fb555c5d
2026-07-01 00:47:27 | INFO | Successfully fetched metadata for game cd82
2026-07-01 00:47:27 | INFO | Successfully loaded game class Cd82 from environment_files/cd82/fb555c5d/cd82.py
  ⚠️  Step 0 error: 'int' object has no attribute 'name'
  ⚠️  Step 1 error: 'int' object has no attribute 'name'
  ⚠️  Step 2 error: 'int' object has no attribute 'name'
  ⚠️  Step 3 error: 'int' object has no attribute 'name'
  ⚠️  Step 4 error: 'int' object has no attribute 'name'
  ⚠️  Step 5 error: 'int' object has no attribute 'name'
  ❌ LOST - Levels: 0

[3/25] Running: ls20-9607627b
2026-07-01 00:47:27 | INFO | Successfully fetched metadata for game ls20
2026-07-01 00:47:27 | INFO | Successfully loaded game class Ls20 from environment_files/ls20/9607627b/ls20.py
  ⚠️  Step 0 error: 'int' object has no attribute 'name'
  ⚠️  Step 1 error: 'int' object has no attribute 'name'
  ⚠️  Step 2 error: 'int' object has no attribute 'name'
  ⚠️  Step 3 error: 'int' object has no attribute 'name'
  ⚠️  Step 4 error: 'int' object has no attribute 'name'
  ⚠️  Step 5 error: 'int' object has no attribute 'name'
  ⚠️  Step 6 error: 'int' object has no attribute 'name'
  ❌ LOST - Levels: 0

[4/25] Running: vc33-5430563c
2026-07-01 00:47:28 | INFO | Successfully fetched metadata for game vc33
2026-07-01 00:47:28 | INFO | Successfully loaded game class Vc33 from environment_files/vc33/5430563c/vc33.py
  ⚠️  Step 1 error: 'int' object has no attribute 'name'
  ⚠️  Step 2 error: 'int' object has no attribute 'name'
  ⚠️  Step 3 error: 'int' object has no attribute 'name'
  ⚠️  Step 4 error: 'int' object has no attribute 'name'
  ⚠️  Step 5 error: 'int' object has no attribute 'name'
  ⚠️  Step 6 error: 'int' object has no attribute 'name'
  ❌ LOST - Levels: 0

[5/25] Running: wa30-ee6fef47
2026-07-01 00:47:29 | INFO | Successfully fetched metadata for game wa30
2026-07-01 00:47:29 | INFO | Successfully loaded game class Wa30 from environment_files/wa30/ee6fef47/wa30.py
  ⚠️  Step 0 error: 'int' object has no attribute 'name'
  ⚠️  Step 1 error: 'int' object has no attribute 'name'
  ⚠️  Step 2 error: 'int' object has no attribute 'name'
  ⚠️  Step 3 error: 'int' object has no attribute 'name'
  ⚠️  Step 4 error: 'int' object has no attribute 'name'
  ⚠️  Step 5 error: 'int' object has no attribute 'name'
  ⚠️  Step 6 error: 'int' object has no attribute 'name'
  ⚠️  Step 7 error: 'int' object has no attribute 'name'
  ⚠️  Step 8 error: 'int' object has no attribute 'name'
  ❌ LOST - Levels: 0

[6/25] Running: sk48-d8078629
2026-07-01 00:47:30 | INFO | Successfully fetched metadata for game sk48
2026-07-01 00:47:30 | INFO | Successfully loaded game class Sk48 from environment_files/sk48/d8078629/sk48.py
  ⚠️  Step 0 error: 'int' object has no attribute 'name'
  ⚠️  Step 1 error: 'int' object has no attribute 'name'
  ⚠️  Step 2 error: 'int' object has no attribute 'name'
  ⚠️  Step 3 error: 'int' object has no attribute 'name'
  ⚠️  Step 4 error: 'int' object has no attribute 'name'
  ⚠️  Step 5 error: 'int' object has no attribute 'name'
  ⚠️  Step 6 error: 'int' object has no attribute 'name'
  ⚠️  Step 7 error: 'int' object has no attribute 'name'
  ❌ LOST - Levels: 0

[7/25] Running: r11l-495a7899
2026-07-01 00:47:30 | INFO | Successfully fetched metadata for game r11l
2026-07-01 00:47:30 | INFO | Successfully loaded game class R11l from environment_files/r11l/495a7899/r11l.py
  ⚠️  Step 0 error: 'int' object has no attribute 'name'
  ⚠️  Step 1 error: 'int' object has no attribute 'name'
  ⚠️  Step 2 error: 'int' object has no attribute 'name'
  ⚠️  Step 3 error: 'int' object has no attribute 'name'
  ⚠️  Step 4 error: 'int' object has no attribute 'name'
  ⚠️  Step 5 error: 'int' object has no attribute 'name'
  ❌ LOST - Levels: 0

[8/25] Running: s5i5-18d95033
2026-07-01 00:47:31 | INFO | Successfully fetched metadata for game s5i5
2026-07-01 00:47:31 | INFO | Successfully loaded game class S5i5 from environment_files/s5i5/18d95033/s5i5.py
  ⚠️  Step 0 error: 'int' object has no attribute 'name'
  ⚠️  Step 1 error: 'int' object has no attribute 'name'
  ⚠️  Step 2 error: 'int' object has no attribute 'name'
  ⚠️  Step 3 error: 'int' object has no attribute 'name'
  ⚠️  Step 4 error: 'int' object has no attribute 'name'
  ⚠️  Step 5 error: 'int' object has no attribute 'name'
  ⚠️  Step 6 error: 'int' object has no attribute 'name'
  ⚠️  Step 7 error: 'int' object has no attribute 'name'
  ❌ LOST - Levels: 0

[9/25] Running: bp35-0a0ad940
2026-07-01 00:47:32 | INFO | Successfully fetched metadata for game bp35
2026-07-01 00:47:32 | INFO | Successfully loaded game class Bp35 from environment_files/bp35/0a0ad940/bp35.py
  ⚠️  Step 0 error: 'int' object has no attribute 'name'
  ⚠️  Step 1 error: 'int' object has no attribute 'name'
  ⚠️  Step 2 error: 'int' object has no attribute 'name'
  ❌ ERROR: 'int' object has no attribute 'name'

[10/25] Running: lf52-271a04aa
2026-07-01 00:47:32 | INFO | Successfully fetched metadata for game lf52
2026-07-01 00:47:32 | INFO | Successfully loaded game class Lf52 from environment_files/lf52/271a04aa/lf52.py
  ⚠️  Step 0 error: 'int' object has no attribute 'name'
  ⚠️  Step 1 error: 'int' object has no attribute 'name'
  ⚠️  Step 2 error: 'int' object has no attribute 'name'
  ⚠️  Step 3 error: 'int' object has no attribute 'name'
  ⚠️  Step 4 error: 'int' object has no attribute 'name'
  ⚠️  Step 5 error: 'int' object has no attribute 'name'
  ⚠️  Step 6 error: 'int' object has no attribute 'name'
  ⚠️  Step 7 error: 'int' object has no attribute 'name'
  ⚠️  Step 8 error: 'int' object has no attribute 'name'
  ⚠️  Step 9 error: 'int' object has no attribute 'name'
  ❌ LOST - Levels: 0

[11/25] Running: sb26-7fbdac44
2026-07-01 00:47:33 | INFO | Successfully fetched metadata for game sb26
2026-07-01 00:47:33 | INFO | Successfully loaded game class Sb26 from environment_files/sb26/7fbdac44/sb26.py
  ⚠️  Step 0 error: 'int' object has no attribute 'name'
  ⚠️  Step 1 error: 'int' object has no attribute 'name'
  ⚠️  Step 2 error: 'int' object has no attribute 'name'
  ⚠️  Step 3 error: 'int' object has no attribute 'name'
  ⚠️  Step 4 error: 'int' object has no attribute 'name'
  ⚠️  Step 5 error: 'int' object has no attribute 'name'
  ⚠️  Step 6 error: 'int' object has no attribute 'name'
  ⚠️  Step 7 error: 'int' object has no attribute 'name'
  ❌ LOST - Levels: 0

[12/25] Running: g50t-5849a774
2026-07-01 00:47:34 | INFO | Successfully fetched metadata for game g50t
2026-07-01 00:47:34 | INFO | Successfully loaded game class G50t from environment_files/g50t/5849a774/g50t.py
  ⚠️  Step 0 error: 'int' object has no attribute 'name'
  ⚠️  Step 1 error: 'int' object has no attribute 'name'
  ⚠️  Step 2 error: 'int' object has no attribute 'name'
  ⚠️  Step 3 error: 'int' object has no attribute 'name'
  ⚠️  Step 4 error: 'int' object has no attribute 'name'
  ⚠️  Step 5 error: 'int' object has no attribute 'name'
  ⚠️  Step 6 error: 'int' object has no attribute 'name'
  ❌ LOST - Levels: 0

[13/25] Running: ka59-38d34dbb
2026-07-01 00:47:35 | INFO | Successfully fetched metadata for game ka59
2026-07-01 00:47:35 | INFO | Successfully loaded game class Ka59 from environment_files/ka59/38d34dbb/ka59.py
  ⚠️  Step 0 error: 'int' object has no attribute 'name'
  ⚠️  Step 1 error: 'int' object has no attribute 'name'
  ⚠️  Step 2 error: 'int' object has no attribute 'name'
  ⚠️  Step 3 error: 'int' object has no attribute 'name'
  ⚠️  Step 4 error: 'int' object has no attribute 'name'
  ⚠️  Step 5 error: 'int' object has no attribute 'name'
  ⚠️  Step 6 error: 'int' object has no attribute 'name'
  ❌ LOST - Levels: 0

[14/25] Running: sp80-589a99af
2026-07-01 00:47:36 | INFO | Successfully fetched metadata for game sp80
2026-07-01 00:47:36 | INFO | Successfully loaded game class Sp80 from environment_files/sp80/589a99af/sp80.py
  ⚠️  Step 0 error: 'int' object has no attribute 'name'
  ⚠️  Step 1 error: 'int' object has no attribute 'name'
  ⚠️  Step 2 error: 'int' object has no attribute 'name'
  ⚠️  Step 3 error: 'int' object has no attribute 'name'
  ⚠️  Step 4 error: 'int' object has no attribute 'name'
  ⚠️  Step 5 error: 'int' object has no attribute 'name'
  ❌ LOST - Levels: 0

[15/25] Running: dc22-fdcac232
2026-07-01 00:47:36 | INFO | Successfully fetched metadata for game dc22
2026-07-01 00:47:36 | INFO | Successfully loaded game class Dc22 from environment_files/dc22/fdcac232/dc22.py
  ⚠️  Step 0 error: 'int' object has no attribute 'name'
  ⚠️  Step 1 error: 'int' object has no attribute 'name'
  ⚠️  Step 2 error: 'int' object has no attribute 'name'
  ⚠️  Step 3 error: 'int' object has no attribute 'name'
  ⚠️  Step 4 error: 'int' object has no attribute 'name'
  ⚠️  Step 5 error: 'int' object has no attribute 'name'
  ❌ LOST - Levels: 0

[16/25] Running: lp85-305b61c3
2026-07-01 00:47:37 | INFO | Successfully fetched metadata for game lp85
2026-07-01 00:47:37 | INFO | Successfully loaded game class Lp85 from environment_files/lp85/305b61c3/lp85.py
  ⚠️  Step 0 error: 'int' object has no attribute 'name'
  ⚠️  Step 1 error: 'int' object has no attribute 'name'
  ⚠️  Step 2 error: 'int' object has no attribute 'name'
  ⚠️  Step 3 error: 'int' object has no attribute 'name'
  ⚠️  Step 4 error: 'int' object has no attribute 'name'
  ⚠️  Step 5 error: 'int' object has no attribute 'name'
  ⚠️  Step 6 error: 'int' object has no attribute 'name'
  ⚠️  Step 7 error: 'int' object has no attribute 'name'
  ❌ LOST - Levels: 0

[17/25] Running: sc25-635fd71a
2026-07-01 00:47:37 | INFO | Successfully fetched metadata for game sc25
2026-07-01 00:47:37 | INFO | Successfully loaded game class Sc25 from environment_files/sc25/635fd71a/sc25.py
  ⚠️  Step 0 error: 'int' object has no attribute 'name'
  ⚠️  Step 2 error: 'int' object has no attribute 'name'
  ⚠️  Step 3 error: 'int' object has no attribute 'name'
  ⚠️  Step 4 error: 'int' object has no attribute 'name'
  ⚠️  Step 5 error: 'int' object has no attribute 'name'
  ❌ LOST - Levels: 0

[18/25] Running: tr87-cd924810
2026-07-01 00:47:38 | INFO | Successfully fetched metadata for game tr87
2026-07-01 00:47:38 | INFO | Successfully loaded game class Tr87 from environment_files/tr87/cd924810/tr87.py
  ⚠️  Step 0 error: 'int' object has no attribute 'name'
  ⚠️  Step 1 error: 'int' object has no attribute 'name'
  ⚠️  Step 2 error: 'int' object has no attribute 'name'
  ⚠️  Step 3 error: 'int' object has no attribute 'name'
  ⚠️  Step 4 error: 'int' object has no attribute 'name'
  ⚠️  Step 5 error: 'int' object has no attribute 'name'
  ❌ LOST - Levels: 0

[19/25] Running: ft09-0d8bbf25
2026-07-01 00:47:39 | INFO | Successfully fetched metadata for game ft09
2026-07-01 00:47:39 | INFO | Successfully loaded game class Ft09 from environment_files/ft09/0d8bbf25/ft09.py
  ⚠️  Step 0 error: 'int' object has no attribute 'name'
  ⚠️  Step 1 error: 'int' object has no attribute 'name'
  ⚠️  Step 2 error: 'int' object has no attribute 'name'
  ⚠️  Step 3 error: 'int' object has no attribute 'name'
  ⚠️  Step 4 error: 'int' object has no attribute 'name'
  ⚠️  Step 5 error: 'int' object has no attribute 'name'
  ❌ LOST - Levels: 0

[20/25] Running: cn04-2fe56bfb
2026-07-01 00:47:40 | INFO | Successfully fetched metadata for game cn04
2026-07-01 00:47:40 | INFO | Successfully loaded game class Cn04 from environment_files/cn04/2fe56bfb/cn04.py
  ⚠️  Step 0 error: 'int' object has no attribute 'name'
  ❌ ERROR: 'int' object has no attribute 'name'

[21/25] Running: m0r0-492f87ba
2026-07-01 00:47:40 | INFO | Successfully fetched metadata for game m0r0
2026-07-01 00:47:40 | INFO | Successfully loaded game class M0r0 from environment_files/m0r0/492f87ba/m0r0.py
  ⚠️  Step 0 error: 'int' object has no attribute 'name'
  ⚠️  Step 1 error: 'int' object has no attribute 'name'
  ⚠️  Step 2 error: 'int' object has no attribute 'name'
  ⚠️  Step 3 error: 'int' object has no attribute 'name'
  ⚠️  Step 4 error: 'int' object has no attribute 'name'
  ❌ ERROR: 'int' object has no attribute 'name'

[22/25] Running: su15-1944f8ab
2026-07-01 00:47:41 | INFO | Successfully fetched metadata for game su15
2026-07-01 00:47:41 | INFO | Successfully loaded game class Su15 from environment_files/su15/1944f8ab/su15.py
  ⚠️  Step 0 error: 'int' object has no attribute 'name'
  ⚠️  Step 1 error: 'int' object has no attribute 'name'
  ⚠️  Step 2 error: 'int' object has no attribute 'name'
  ⚠️  Step 3 error: 'int' object has no attribute 'name'
  ⚠️  Step 4 error: 'int' object has no attribute 'name'
  ⚠️  Step 5 error: 'int' object has no attribute 'name'
  ⚠️  Step 6 error: 'int' object has no attribute 'name'
  ⚠️  Step 7 error: 'int' object has no attribute 'name'
  ⚠️  Step 8 error: 'int' object has no attribute 'name'
  ❌ LOST - Levels: 0

[23/25] Running: re86-8af5384d
2026-07-01 00:47:42 | INFO | Successfully fetched metadata for game re86
2026-07-01 00:47:42 | INFO | Successfully loaded game class Re86 from environment_files/re86/8af5384d/re86.py
  ⚠️  Step 0 error: 'int' object has no attribute 'name'
  ⚠️  Step 1 error: 'int' object has no attribute 'name'
  ⚠️  Step 2 error: 'int' object has no attribute 'name'
  ⚠️  Step 3 error: 'int' object has no attribute 'name'
  ⚠️  Step 4 error: 'int' object has no attribute 'name'
  ⚠️  Step 5 error: 'int' object has no attribute 'name'
  ⚠️  Step 6 error: 'int' object has no attribute 'name'
  ⚠️  Step 7 error: 'int' object has no attribute 'name'
  ❌ LOST - Levels: 0

[24/25] Running: ar25-0c556536
2026-07-01 00:47:43 | INFO | Successfully fetched metadata for game ar25
2026-07-01 00:47:43 | INFO | Successfully loaded game class Ar25 from environment_files/ar25/0c556536/ar25.py
  ⚠️  Step 0 error: 'int' object has no attribute 'name'
  ⚠️  Step 1 error: 'int' object has no attribute 'name'
  ⚠️  Step 2 error: 'int' object has no attribute 'name'
  ⚠️  Step 3 error: 'int' object has no attribute 'name'
  ⚠️  Step 4 error: 'int' object has no attribute 'name'
  ⚠️  Step 5 error: 'int' object has no attribute 'name'
  ⚠️  Step 6 error: 'int' object has no attribute 'name'
  ⚠️  Step 7 error: 'int' object has no attribute 'name'
  ❌ LOST - Levels: 0

[25/25] Running: tu93-0768757b
2026-07-01 00:47:44 | INFO | Successfully fetched metadata for game tu93
2026-07-01 00:47:44 | INFO | Successfully loaded game class Tu93 from environment_files/tu93/0768757b/tu93.py
  ⚠️  Step 0 error: 'int' object has no attribute 'name'
  ⚠️  Step 1 error: 'int' object has no attribute 'name'
  ⚠️  Step 2 error: 'int' object has no attribute 'name'
  ⚠️  Step 3 error: 'int' object has no attribute 'name'
  ⚠️  Step 4 error: 'int' object has no attribute 'name'
  ⚠️  Step 5 error: 'int' object has no attribute 'name'
  ⚠️  Step 6 error: 'int' object has no attribute 'name'
  ⚠️  Step 7 error: 'int' object has no attribute 'name'
  ⚠️  Step 8 error: 'int' object has no attribute 'name'
  ❌ LOST - Levels: 0

============================================================
SUBMISSION SUMMARY
============================================================
Total Games: 25
Successful: 0
Failed: 25

✅ Submission saved: submission.parquet
============================================================

🎉 Ready to submit to Kaggle!
